<?xml version="1.0" encoding="UTF-8"?>
<testsuite xmlns:xsi="http://www.w3.org/2001/XMLSchema-instance" xsi:noNamespaceSchemaLocation="https://maven.apache.org/surefire/maven-surefire-plugin/xsd/surefire-test-report-3.0.xsd" version="3.0" name="com.example.newsService.NewsServiceApplicationTests" time="13.002" tests="1" errors="0" skipped="0" failures="0">
  <properties>
[...]
</properties>
  <testcase name="contextLoads" classname="com.example.newsService.NewsServiceApplicationTests" time="0.353">
    <system-out><![CDATA[23:56:24.652 [main] INFO org.springframework.boot.devtools.restart.RestartApplicationListener -- Restart disabled due to context in which it is running

  .   ____          _            __ _ _
 /\\ / ___'_ __ _ _(_)_ __  __ _ \ \ \ \
( ( )\___ | '_ | '_| | '_ \/ _` | \ \ \ \
 \\/  ___)| |_)| | | | | || (_| |  ) ) ) )
  '  |____| .__|_| |_|_| |_\__, | / / / /
 =========|_|==============|___/=/_/_/_/

 :: Spring Boot ::                (v3.3.2)

2026-03-13T23:56:24.938+07:00  INFO 14020 --- [NewsService] [           main] c.e.n.NewsServiceApplicationTests        : Starting NewsServiceApplicationTests using Java 21.0.6 with PID 14020 (started by Admin in D:\DFRMOI\owsm-dev\BACKEND\NewsService)
2026-03-13T23:56:24.939+07:00  INFO 14020 --- [NewsService] [           main] c.e.n.NewsServiceApplicationTests        : No active profile set, falling back to 1 default profile: "default"
2026-03-13T23:56:25.745+07:00  INFO 14020 --- [NewsService] [           main] .s.d.r.c.RepositoryConfigurationDelegate : Bootstrapping Spring Data JPA repositories in DEFAULT mode.
2026-03-13T23:56:25.819+07:00  INFO 14020 --- [NewsService] [           main] .s.d.r.c.RepositoryConfigurationDelegate : Finished Spring Data repository scanning in 65 ms. Found 6 JPA repository interfaces.
2026-03-13T23:56:26.307+07:00  INFO 14020 --- [NewsService] [           main] o.hibernate.jpa.internal.util.LogHelper  : HHH000204: Processing PersistenceUnitInfo [name: default]
2026-03-13T23:56:26.386+07:00  INFO 14020 --- [NewsService] [           main] org.hibernate.Version                    : HHH000412: Hibernate ORM core version 6.5.2.Final
2026-03-13T23:56:26.425+07:00  INFO 14020 --- [NewsService] [           main] o.h.c.internal.RegionFactoryInitiator    : HHH000026: Second-level cache disabled
2026-03-13T23:56:34.681+07:00  INFO 14020 --- [NewsService] [           main] o.s.o.j.p.SpringPersistenceUnitInfo      : No LoadTimeWeaver setup: ignoring JPA class transformer
2026-03-13T23:56:34.705+07:00  INFO 14020 --- [NewsService] [           main] com.zaxxer.hikari.HikariDataSource       : HikariPool-1 - Starting...
2026-03-13T23:56:34.857+07:00  INFO 14020 --- [NewsService] [           main] com.zaxxer.hikari.pool.HikariPool        : HikariPool-1 - Added connection org.postgresql.jdbc.PgConnection@79b7c350
2026-03-13T23:56:34.859+07:00  INFO 14020 --- [NewsService] [           main] com.zaxxer.hikari.HikariDataSource       : HikariPool-1 - Start completed.
2026-03-13T23:56:34.889+07:00  WARN 14020 --- [NewsService] [           main] org.hibernate.orm.deprecation            : HHH90000025: PostgreSQLDialect does not need to be specified explicitly using 'hibernate.dialect' (remove the property setting and it will be selected by default)
2026-03-13T23:56:35.776+07:00  INFO 14020 --- [NewsService] [           main] o.h.e.t.j.p.i.JtaPlatformInitiator       : HHH000489: No JTA platform available (set 'hibernate.transaction.jta.platform' to enable JTA platform integration)
2026-03-13T23:56:35.828+07:00 DEBUG 14020 --- [NewsService] [           main] org.hibernate.SQL                        : 
    &amp#27;[34malter&amp#27;[0m &amp#27;[34mtable&amp#27;[0m &amp#27;[34mif&amp#27;[0m &amp#27;[34mexists&amp#27;[0m tbl_news 
       &amp#27;[34malter&amp#27;[0m &amp#27;[34mcolumn&amp#27;[0m content &amp#27;[34mset&amp#27;[0m data type TEXT
&amp#27;[35m[Hibernate]&amp#27;[0m 
    &amp#27;[34malter&amp#27;[0m &amp#27;[34mtable&amp#27;[0m &amp#27;[34mif&amp#27;[0m &amp#27;[34mexists&amp#27;[0m tbl_news 
       &amp#27;[34malter&amp#27;[0m &amp#27;[34mcolumn&amp#27;[0m content &amp#27;[34mset&amp#27;[0m data type TEXT
2026-03-13T23:56:35.896+07:00  INFO 14020 --- [NewsService] [           main] j.LocalContainerEntityManagerFactoryBean : Initialized JPA EntityManagerFactory for persistence unit 'default'
2026-03-13T23:56:36.450+07:00  WARN 14020 --- [NewsService] [           main] JpaBaseConfiguration$JpaWebConfiguration : spring.jpa.open-in-view is enabled by default. Therefore, database queries may be performed during view rendering. Explicitly configure spring.jpa.open-in-view to disable this warning
2026-03-13T23:56:36.976+07:00  INFO 14020 --- [NewsService] [           main] c.e.n.NewsServiceApplicationTests        : Started NewsServiceApplicationTests in 12.336 seconds (process running for 13.041)
]]></system-out>
    <system-err><![CDATA[WARNING: A Java agent has been loaded dynamically (C:\Users\Admin\.m2\repository\net\bytebuddy\byte-buddy-agent\1.14.18\byte-buddy-agent-1.14.18.jar)
WARNING: If a serviceability tool is in use, please run with -XX:+EnableDynamicAgentLoading to hide this warning
WARNING: If a serviceability tool is not in use, please run with -Djdk.instrument.traceUsage for more information
WARNING: Dynamic loading of agents will be disallowed by default in a future release
]]></system-err>
  </testcase>
</testsuite>