<?xml version="1.0" encoding="UTF-8"?>
<testsuite xmlns:xsi="http://www.w3.org/2001/XMLSchema-instance" xsi:noNamespaceSchemaLocation="https://maven.apache.org/surefire/maven-surefire-plugin/xsd/surefire-test-report.xsd" version="3.0.2" name="com.owsm.AuthService.OWSMApplicationTests" time="16.704" tests="1" errors="0" skipped="0" failures="0">
  <properties>
[...]
</properties>
  <testcase name="contextLoads" classname="com.owsm.AuthService.OWSMApplicationTests" time="0.462">
    <system-out><![CDATA[10:43:42.442 [main] INFO org.springframework.test.context.support.AnnotationConfigContextLoaderUtils -- Could not detect default configuration classes for test class [com.owsm.AuthService.OWSMApplicationTests]: OWSMApplicationTests does not declare any static, non-private, non-final, nested classes annotated with @Configuration.
10:43:42.575 [main] INFO org.springframework.boot.test.context.SpringBootTestContextBootstrapper -- Found @SpringBootConfiguration com.owsm.AuthService.AuthServiceApplication for test class com.owsm.AuthService.OWSMApplicationTests
10:43:42.779 [main] INFO org.springframework.boot.devtools.restart.RestartApplicationListener -- Restart disabled due to context in which it is running

  .   ____          _            __ _ _
 /\\ / ___'_ __ _ _(_)_ __  __ _ \ \ \ \
( ( )\___ | '_ | '_| | '_ \/ _` | \ \ \ \
 \\/  ___)| |_)| | | | | || (_| |  ) ) ) )
  '  |____| .__|_| |_|_| |_\__, | / / / /
 =========|_|==============|___/=/_/_/_/

 :: Spring Boot ::                (v3.5.5)

2026-04-06T10:43:43.158+07:00  INFO 21112 --- [owsm-auth-service] [           main] c.owsm.AuthService.OWSMApplicationTests  : Starting OWSMApplicationTests using Java 21.0.6 with PID 21112 (started by Admin in D:\DFRMOI\owsm-dev\owsm_api\AuthService)
2026-04-06T10:43:43.160+07:00  INFO 21112 --- [owsm-auth-service] [           main] c.owsm.AuthService.OWSMApplicationTests  : No active profile set, falling back to 1 default profile: "default"
2026-04-06T10:43:44.097+07:00  INFO 21112 --- [owsm-auth-service] [           main] .s.d.r.c.RepositoryConfigurationDelegate : Bootstrapping Spring Data JPA repositories in DEFAULT mode.
2026-04-06T10:43:44.196+07:00  INFO 21112 --- [owsm-auth-service] [           main] .s.d.r.c.RepositoryConfigurationDelegate : Finished Spring Data repository scanning in 83 ms. Found 3 JPA repository interfaces.
2026-04-06T10:43:45.273+07:00  INFO 21112 --- [owsm-auth-service] [           main] o.hibernate.jpa.internal.util.LogHelper  : HHH000204: Processing PersistenceUnitInfo [name: default]
2026-04-06T10:43:45.412+07:00  INFO 21112 --- [owsm-auth-service] [           main] org.hibernate.Version                    : HHH000412: Hibernate ORM core version 6.6.26.Final
2026-04-06T10:43:45.514+07:00  INFO 21112 --- [owsm-auth-service] [           main] o.h.c.internal.RegionFactoryInitiator    : HHH000026: Second-level cache disabled
2026-04-06T10:43:53.906+07:00  INFO 21112 --- [owsm-auth-service] [           main] o.s.o.j.p.SpringPersistenceUnitInfo      : No LoadTimeWeaver setup: ignoring JPA class transformer
2026-04-06T10:43:53.942+07:00  INFO 21112 --- [owsm-auth-service] [           main] com.zaxxer.hikari.HikariDataSource       : HikariPool-1 - Starting...
2026-04-06T10:43:54.240+07:00  INFO 21112 --- [owsm-auth-service] [           main] com.zaxxer.hikari.pool.HikariPool        : HikariPool-1 - Added connection org.postgresql.jdbc.PgConnection@65262308
2026-04-06T10:43:54.240+07:00  INFO 21112 --- [owsm-auth-service] [           main] com.zaxxer.hikari.HikariDataSource       : HikariPool-1 - Start completed.
2026-04-06T10:43:54.290+07:00  WARN 21112 --- [owsm-auth-service] [           main] org.hibernate.orm.deprecation            : HHH90000025: PostgreSQLDialect does not need to be specified explicitly using 'hibernate.dialect' (remove the property setting and it will be selected by default)
2026-04-06T10:43:54.311+07:00  INFO 21112 --- [owsm-auth-service] [           main] org.hibernate.orm.connections.pooling    : HHH10001005: Database info:
	Database JDBC URL [Connecting through datasource 'HikariDataSource (HikariPool-1)']
	Database driver: undefined/unknown
	Database version: 17.4
	Autocommit mode: undefined/unknown
	Isolation level: undefined/unknown
	Minimum pool size: undefined/unknown
	Maximum pool size: undefined/unknown
2026-04-06T10:43:55.687+07:00  INFO 21112 --- [owsm-auth-service] [           main] o.h.e.t.j.p.i.JtaPlatformInitiator       : HHH000489: No JTA platform available (set 'hibernate.transaction.jta.platform' to enable JTA platform integration)
2026-04-06T10:43:55.964+07:00  INFO 21112 --- [owsm-auth-service] [           main] j.LocalContainerEntityManagerFactoryBean : Initialized JPA EntityManagerFactory for persistence unit 'default'
2026-04-06T10:43:56.786+07:00  INFO 21112 --- [owsm-auth-service] [           main] r$InitializeUserDetailsManagerConfigurer : Global AuthenticationManager configured with UserDetailsService bean with name userDetailsServiceImpl
2026-04-06T10:43:57.033+07:00  WARN 21112 --- [owsm-auth-service] [           main] JpaBaseConfiguration$JpaWebConfiguration : spring.jpa.open-in-view is enabled by default. Therefore, database queries may be performed during view rendering. Explicitly configure spring.jpa.open-in-view to disable this warning
2026-04-06T10:43:58.465+07:00  INFO 21112 --- [owsm-auth-service] [           main] c.owsm.AuthService.OWSMApplicationTests  : Started OWSMApplicationTests in 15.707 seconds (process running for 16.813)
]]></system-out>
    <system-err><![CDATA[Mockito is currently self-attaching to enable the inline-mock-maker. This will no longer work in future releases of the JDK. Please add Mockito as an agent to your build as described in Mockito's documentation: https://javadoc.io/doc/org.mockito/mockito-core/latest/org.mockito/org/mockito/Mockito.html#0.3
WARNING: A Java agent has been loaded dynamically (D:\DFRMOI\owsm-dev\owsm_api\.m2\repository\net\bytebuddy\byte-buddy-agent\1.17.7\byte-buddy-agent-1.17.7.jar)
WARNING: If a serviceability tool is in use, please run with -XX:+EnableDynamicAgentLoading to hide this warning
WARNING: If a serviceability tool is not in use, please run with -Djdk.instrument.traceUsage for more information
WARNING: Dynamic loading of agents will be disallowed by default in a future release
]]></system-err>
  </testcase>
</testsuite>